<?xml version="1.0" encoding="UTF-8"?>
<testng-results ignored="0" total="3" passed="3" failed="0" skipped="0">
  <reporter-output>
  </reporter-output>
  <suite started-at="2023-08-20T00:18:46 IST" name="Default suite" finished-at="2023-08-20T00:18:46 IST" duration-ms="187">
    <groups>
    </groups>
    <test started-at="2023-08-20T00:18:46 IST" name="Default test" finished-at="2023-08-20T00:18:46 IST" duration-ms="187">
      <class name="testcases.Test2">
        <test-method is-config="true" signature="setup()[pri:0, instance:testcases.Test2@6a84a97d]" started-at="2023-08-20T00:18:46 IST" name="setup" finished-at="2023-08-20T00:18:46 IST" duration-ms="13" status="PASS">
          <reporter-output>
          </reporter-output>
        </test-method> <!-- setup -->
        <test-method signature="test1()[pri:0, instance:testcases.Test2@6a84a97d]" started-at="2023-08-20T00:18:46 IST" name="test1" finished-at="2023-08-20T00:18:46 IST" duration-ms="15" status="PASS">
          <reporter-output>
          </reporter-output>
        </test-method> <!-- test1 -->
        <test-method is-config="true" signature="setup()[pri:0, instance:testcases.Test2@6a84a97d]" started-at="2023-08-20T00:18:46 IST" name="setup" finished-at="2023-08-20T00:18:46 IST" duration-ms="5" status="PASS">
          <reporter-output>
          </reporter-output>
        </test-method> <!-- setup -->
        <test-method signature="test2()[pri:0, instance:testcases.Test2@6a84a97d]" started-at="2023-08-20T00:18:46 IST" name="test2" finished-at="2023-08-20T00:18:46 IST" duration-ms="14" status="PASS">
          <reporter-output>
          </reporter-output>
        </test-method> <!-- test2 -->
        <test-method is-config="true" signature="setup()[pri:0, instance:testcases.Test2@6a84a97d]" started-at="2023-08-20T00:18:46 IST" name="setup" finished-at="2023-08-20T00:18:46 IST" duration-ms="1" status="PASS">
          <reporter-output>
          </reporter-output>
        </test-method> <!-- setup -->
        <test-method signature="test3()[pri:0, instance:testcases.Test2@6a84a97d]" started-at="2023-08-20T00:18:46 IST" name="test3" finished-at="2023-08-20T00:18:46 IST" duration-ms="11" status="PASS">
          <reporter-output>
          </reporter-output>
        </test-method> <!-- test3 -->
      </class> <!-- testcases.Test2 -->
    </test> <!-- Default test -->
  </suite> <!-- Default suite -->
</testng-results>
